6/4/2018 10:02:06	This log contains information about the import schema operation into project 'gcv_BBDD' on computer 'BOSONITBI' by user 'bosonit'.
6/4/2018 10:02:06	Import of database schema has started.
6/4/2018 10:02:14	Gathering database credentials
6/4/2018 10:02:14	Gathering database options
6/4/2018 10:02:14	Gathering users
6/4/2018 10:02:14	Gathering roles
6/4/2018 10:02:14	Gathering application roles
6/4/2018 10:02:14	Gathering role memberships
6/4/2018 10:02:14	Gathering filegroups
6/4/2018 10:02:14	Gathering full-text catalogs
6/4/2018 10:02:14	Gathering assemblies
6/4/2018 10:02:14	Gathering certificates
6/4/2018 10:02:14	Gathering asymmetric keys
6/4/2018 10:02:14	Gathering symmetric keys
6/4/2018 10:02:14	Gathering encrypted symmetric keys
6/4/2018 10:02:14	Gathering schemas
6/4/2018 10:02:14	Gathering XML schema collections
6/4/2018 10:02:14	Gathering user-defined data types
6/4/2018 10:02:14	Gathering user-defined types
6/4/2018 10:02:14	Gathering table types
6/4/2018 10:02:14	Gathering unique keys for table types
6/4/2018 10:02:14	Gathering primary keys for table types
6/4/2018 10:02:14	Gathering indexes for table types
6/4/2018 10:02:14	Gathering check constraints for table types
6/4/2018 10:02:14	Gathering default constraints for table types
6/4/2018 10:02:14	Gathering partition functions
6/4/2018 10:02:14	Gathering partition schemes
6/4/2018 10:02:14	Gathering functions
6/4/2018 10:02:14	Gathering encrypted functions
6/4/2018 10:02:14	Gathering aggregates
6/4/2018 10:02:14	Gathering procedures
6/4/2018 10:02:14	Gathering encrypted procedures
6/4/2018 10:02:14	Gathering tables
6/4/2018 10:02:14	Gathering primary keys
6/4/2018 10:02:14	Gathering unique constraints
6/4/2018 10:02:14	Gathering foreign keys
6/4/2018 10:02:14	Gathering default constraints
6/4/2018 10:02:14	Gathering check constraints
6/4/2018 10:02:14	Gathering views
6/4/2018 10:02:14	Gathering encrypted views
6/4/2018 10:02:14	Gathering indexes
6/4/2018 10:02:14	Gathering statistics
6/4/2018 10:02:14	Gathering full-text index stoplists
6/4/2018 10:02:14	Gathering search property lists
6/4/2018 10:02:14	Gathering search properties
6/4/2018 10:02:14	Gathering full-text indexes
6/4/2018 10:02:14	Gathering column store indexes
6/4/2018 10:02:14	Gathering spatial indexes
6/4/2018 10:02:14	Gathering XML indexes
6/4/2018 10:02:14	Gathering Selective XML indexes
6/4/2018 10:02:14	Gathering encrypted triggers
6/4/2018 10:02:14	Gathering triggers
6/4/2018 10:02:14	Gathering encrypted and clr ddl triggers
6/4/2018 10:02:14	Gathering ddl triggers
6/4/2018 10:02:14	Gathering synonyms
6/4/2018 10:02:14	Gathering defaults
6/4/2018 10:02:14	Gathering data constraint uddt bindings
6/4/2018 10:02:14	Gathering rules
6/4/2018 10:02:14	Gathering data constraint uddt bindings
6/4/2018 10:02:14	Gathering message types
6/4/2018 10:02:14	Gathering queues
6/4/2018 10:02:14	Gathering contracts
6/4/2018 10:02:14	Gathering services
6/4/2018 10:02:14	Gathering event notifications
6/4/2018 10:02:14	Gathering remote service bindings
6/4/2018 10:02:14	Gathering broker priorities
6/4/2018 10:02:14	Gathering signatures
6/4/2018 10:02:14	Gathering data compression options
6/4/2018 10:02:14	Gathering sequence types
6/4/2018 10:02:14	Gathering security policies
6/4/2018 10:02:14	Gather column encryption keys
6/4/2018 10:02:14	Gathering column master keys
6/4/2018 10:02:14	Gathering external data sources
6/4/2018 10:02:14	Gathering external file formats
6/4/2018 10:02:14	Gathering external tables
6/4/2018 10:02:14	Gathering extended properties
6/4/2018 10:02:14	Gathering credentials
6/4/2018 10:02:14	Gathering logins
6/4/2018 10:02:14	Gathering server audits
6/4/2018 10:02:15	Scanning project for duplicate elements
6/4/2018 10:02:15	Finished duplicate element processing
6/4/2018 10:02:16	Finished importing database.
6/4/2018 10:02:16	A summary of the import was saved to the following location: \\workstation\Users\andres.moncada\Documents\Visual Studio 2015\Projects\MigrationUnHiberse_BOSONITBI\gcv_SSIS\gcv_BBDD\Import Schema Logs\gcv_BBDD_20180604080206.log
6/4/2018 10:02:16	Click Finish to continue...
